[   21331ms] [WARNING] [Vue warn]: Property "filterStudents" was accessed during render but is not defined on instance. 
  at <StudentManagement onVnodeUnmounted=fn<onVnodeUnmounted> ref=Ref< null > key="/admin/students" > 
  at <BaseTransition appear=false persisted=false mode=undefined  ... > 
  at <Transition name="fade" > 
  at <RouterView> 
  at <Layout onVnodeUnmounted=fn<onVnodeUnmounted> ref=Ref< Proxy(Object) > > 
  at <RouterView> 
  at <App> @ http://127.0.0.1:5173/@vite/client:509
[   21332ms] [WARNING] [Vue warn]: Property "filterStudents" was accessed during render but is not defined on instance. 
  at <StudentManagement onVnodeUnmounted=fn<onVnodeUnmounted> ref=Ref< null > key="/admin/students" > 
  at <BaseTransition appear=false persisted=false mode=undefined  ... > 
  at <Transition name="fade" > 
  at <RouterView> 
  at <Layout onVnodeUnmounted=fn<onVnodeUnmounted> ref=Ref< Proxy(Object) > > 
  at <RouterView> 
  at <App> @ http://127.0.0.1:5173/@vite/client:509
[   21374ms] [ERROR] Failed to load resource: the server responded with a status of 403 () @ http://localhost:8080/api/admin/students:0
[   21375ms] [WARNING] Property "filterStudents" was accessed during render but is not defined on instance. Proxy(Object) at <StudentManagement>
at <BaseTransition>
at <Transition>
at <RouterView>
at <Layout>
at <RouterView>
at <App> [Object, Object, Object, Object, Object, Object, Object] @ http://127.0.0.1:5173/@vite/client:509
[   21405ms] [WARNING] Property "filterStudents" was accessed during render but is not defined on instance. Proxy(Object) at <StudentManagement>
at <BaseTransition>
at <Transition>
at <RouterView>
at <Layout>
at <RouterView>
at <App> [Object, Object, Object, Object, Object, Object, Object] @ http://127.0.0.1:5173/@vite/client:509
[   31776ms] [ERROR] Failed to load resource: the server responded with a status of 403 () @ http://localhost:8080/api/admin/accounts:0
