[   14441ms] [WARNING] ElementPlusError: [el-link] [API] The underline option (boolean) is about to be deprecated in version 3.0.0, please use 'always' | 'hover' | 'never' instead.
For more detail, please visit: https://element-plus.org/en-US/component/link.html#underline

    at debugWarn (http://localhost:5173/node_modules/.vite/deps/element-plus.js?v=66b4564c:5933:35)
    at watch.immediate (http://localhost:5173/node_modules/.vite/deps/element-plus.js?v=66b4564c:5973:12)
    at callWithErrorHandling (http://localhost:5173/node_modules/.vite/deps/vue.runtime.esm-bundler-BbU3t3Tm.js?v=66b4564c:1883:17)
    at callWithAsyncErrorHandling (http://localhost:5173/node_modules/.vite/deps/vue.runtime.esm-bundler-BbU3t3Tm.js?v=66b4564c:1890:15)
    at baseWatchOptions.call (http://localhost:5173/node_modules/.vite/deps/vue.runtime.esm-bundler-BbU3t3Tm.js?v=66b4564c:2382:46)
    at job (http://localhost:5173/node_modules/.vite/deps/vue.runtime.esm-bundler-BbU3t3Tm.js?v=66b4564c:1664:13)
    at watch$1 (http://localhost:5173/node_modules/.vite/deps/vue.runtime.esm-bundler-BbU3t3Tm.js?v=66b4564c:1685:25)
    at doWatch (http://localhost:5173/node_modules/.vite/deps/vue.runtime.esm-bundler-BbU3t3Tm.js?v=66b4564c:2404:22)
    at watch (http://localhost:5173/node_modules/.vite/deps/vue.runtime.esm-bundler-BbU3t3Tm.js?v=66b4564c:2356:9)
    at useDeprecated (http://localhost:5173/node_modules/.vite/deps/element-plus.js?v=66b4564c:5972:2) @ http://localhost:5173/@vite/client:509
[   14442ms] [WARNING] ElementPlusError: [el-link] [API] The underline option (boolean) is about to be deprecated in version 3.0.0, please use 'always' | 'hover' | 'never' instead.
For more detail, please visit: https://element-plus.org/en-US/component/link.html#underline

    at debugWarn (http://localhost:5173/node_modules/.vite/deps/element-plus.js?v=66b4564c:5933:35)
    at watch.immediate (http://localhost:5173/node_modules/.vite/deps/element-plus.js?v=66b4564c:5973:12)
    at callWithErrorHandling (http://localhost:5173/node_modules/.vite/deps/vue.runtime.esm-bundler-BbU3t3Tm.js?v=66b4564c:1883:17)
    at callWithAsyncErrorHandling (http://localhost:5173/node_modules/.vite/deps/vue.runtime.esm-bundler-BbU3t3Tm.js?v=66b4564c:1890:15)
    at baseWatchOptions.call (http://localhost:5173/node_modules/.vite/deps/vue.runtime.esm-bundler-BbU3t3Tm.js?v=66b4564c:2382:46)
    at job (http://localhost:5173/node_modules/.vite/deps/vue.runtime.esm-bundler-BbU3t3Tm.js?v=66b4564c:1664:13)
    at watch$1 (http://localhost:5173/node_modules/.vite/deps/vue.runtime.esm-bundler-BbU3t3Tm.js?v=66b4564c:1685:25)
    at doWatch (http://localhost:5173/node_modules/.vite/deps/vue.runtime.esm-bundler-BbU3t3Tm.js?v=66b4564c:2404:22)
    at watch (http://localhost:5173/node_modules/.vite/deps/vue.runtime.esm-bundler-BbU3t3Tm.js?v=66b4564c:2356:9)
    at useDeprecated (http://localhost:5173/node_modules/.vite/deps/element-plus.js?v=66b4564c:5972:2) @ http://localhost:5173/@vite/client:509
