[  346682ms] [WARNING] Property "formatMonth" was accessed during render but is not defined on instance. Proxy(Object) at <BaseTransition>
at <Transition>
at <AwardReview>
at <BaseTransition>
at <Transition>
at <RouterView>
at <Layout>
at <RouterView>
at <App> [Object, Object, Object, Object, Object, Object, Object, Object, Object] @ http://localhost:5173/@vite/client:509
[  346813ms] [WARNING] Unhandled error during execution of render function Proxy(Object) at <BaseTransition>
at <Transition>
at <AwardReview>
at <BaseTransition>
at <Transition>
at <RouterView>
at <Layout>
at <RouterView>
at <App> [Object, Object, Object, Object, Object, Object, Object, Object, Object] @ http://localhost:5173/@vite/client:509
[  346884ms] [ERROR] TypeError: _ctx.formatMonth is not a function
    at http://localhost:5173/src/views/youth/AwardReview.vue?t=1779197017421:327:81
    at Proxy.renderFnWithContext (http://localhost:5173/node_modules/.vite/deps/vue.runtime.esm-bundler-CPnnkeib.js?v=53311e50:2254:10)
    at Proxy.<anonymous> (http://localhost:5173/node_modules/.vite/deps/vue.runtime.esm-bundler-CPnnkeib.js?v=53311e50:2692:76)
    at renderComponentRoot (http://localhost:5173/node_modules/.vite/deps/vue.runtime.esm-bundler-CPnnkeib.js?v=53311e50:4707:35)
    at ReactiveEffect.componentUpdateFn [as fn] (http://localhost:5173/node_modules/.vite/deps/vue.runtime.esm-bundler-CPnnkeib.js?v=53311e50:5598:22)
    at ReactiveEffect.run (http://localhost:5173/node_modules/.vite/deps/vue.runtime.esm-bundler-CPnnkeib.js?v=53311e50:419:16)
    at updateComponent (http://localhost:5173/node_modules/.vite/deps/vue.runtime.esm-bundler-CPnnkeib.js?v=53311e50:5521:13)
    at processComponent (http://localhost:5173/node_modules/.vite/deps/vue.runtime.esm-bundler-CPnnkeib.js?v=53311e50:5489:8)
    at patch (http://localhost:5173/node_modules/.vite/deps/vue.runtime.esm-bundler-CPnnkeib.js?v=53311e50:5283:28)
    at ReactiveEffect.componentUpdateFn [as fn] (http://localhost:5173/node_modules/.vite/deps/vue.runtime.esm-bundler-CPnnkeib.js?v=53311e50:5603:5) @ http://localhost:5173/@vite/client:509
[  346902ms] [WARNING] [HMR] Something went wrong during Vue component hot-reload. Full reload required. @ http://localhost:5173/@vite/client:509
